<?xml version="1.0" encoding="UTF-8" standalone="no"?>
<!DOCTYPE log SYSTEM "logger.dtd">
<log>
<record>
  <date>2018-10-25T14:17:57.603-0300</date>
  <logger>ITALO MODESTO PEREIRA</logger>
  <level>FINE</level>
  <message>File 116211154-ITALO MODESTO PEREIRA.zip was received. It was sent by ITALO MODESTO PEREIRA from IP 150.165.42.141</message>
</record>
</log>
<?xml version="1.0" encoding="UTF-8" standalone="no"?>
<!DOCTYPE log SYSTEM "logger.dtd">
<log>
<record>
  <date>2018-10-25T15:27:17.498-0300</date>
  <logger>ITALO MODESTO PEREIRA</logger>
  <level>FINE</level>
  <message>File 116211154-ITALO MODESTO PEREIRA.zip was received. It was sent by ITALO MODESTO PEREIRA from IP 150.165.42.141</message>
</record>
</log>
<?xml version="1.0" encoding="UTF-8" standalone="no"?>
<!DOCTYPE log SYSTEM "logger.dtd">
<log>
<record>
  <date>2018-10-25T15:53:05.932-0300</date>
  <logger>ITALO MODESTO PEREIRA</logger>
  <level>FINE</level>
  <message>File 116211154-ITALO MODESTO PEREIRA.zip was received. It was sent by ITALO MODESTO PEREIRA from IP 150.165.42.141</message>
</record>
