<?xml version="1.0" encoding="UTF-8" standalone="no"?>
<!DOCTYPE log SYSTEM "logger.dtd">
<log>
<record>
  <date>2018-11-29T14:17:01.570-0300</date>
  <logger>ITALO MODESTO PEREIRA</logger>
  <level>FINE</level>
  <message>File 116211154-ITALO MODESTO PEREIRA.zip was received. It was sent by ITALO MODESTO PEREIRA from IP 150.165.42.146</message>
</record>
</log>
<?xml version="1.0" encoding="UTF-8" standalone="no"?>
<!DOCTYPE log SYSTEM "logger.dtd">
<log>
<record>
  <date>2018-11-29T14:44:55.819-0300</date>
  <logger>ITALO MODESTO PEREIRA</logger>
  <level>FINE</level>
  <message>File 116211154-ITALO MODESTO PEREIRA.zip was received. It was sent by ITALO MODESTO PEREIRA from IP 150.165.42.146</message>
</record>
</log>
<?xml version="1.0" encoding="UTF-8" standalone="no"?>
<!DOCTYPE log SYSTEM "logger.dtd">
<log>
<record>
  <date>2018-11-29T15:09:59.034-0300</date>
  <logger>ITALO MODESTO PEREIRA</logger>
  <level>FINE</level>
  <message>File 116211154-ITALO MODESTO PEREIRA.zip was received. It was sent by ITALO MODESTO PEREIRA from IP 150.165.42.146</message>
</record>
</log>
<?xml version="1.0" encoding="UTF-8" standalone="no"?>
<!DOCTYPE log SYSTEM "logger.dtd">
<log>
<record>
  <date>2018-11-29T15:27:50.847-0300</date>
  <logger>ITALO MODESTO PEREIRA</logger>
  <level>FINE</level>
  <message>File 116211154-ITALO MODESTO PEREIRA.zip was received. It was sent by ITALO MODESTO PEREIRA from IP 150.165.42.146</message>
</record>
</log>
<?xml version="1.0" encoding="UTF-8" standalone="no"?>
<!DOCTYPE log SYSTEM "logger.dtd">
<log>
<record>
  <date>2018-11-29T15:52:20.613-0300</date>
  <logger>ITALO MODESTO PEREIRA</logger>
  <level>FINE</level>
  <message>File 116211154-ITALO MODESTO PEREIRA.zip was received. It was sent by ITALO MODESTO PEREIRA from IP 150.165.42.146</message>
</record>
