<?xml version="1.0" encoding="UTF-8" standalone="no"?>
<!DOCTYPE log SYSTEM "logger.dtd">
<log>
<record>
  <date>2019-04-11T14:12:44.960-0300</date>
  <logger>ITALO MODESTO PEREIRA</logger>
  <level>FINE</level>
  <message>File 116211154-ITALO MODESTO PEREIRA.zip was received. It was sent by ITALO MODESTO PEREIRA from IP 150.165.42.143</message>
</record>
</log>
<?xml version="1.0" encoding="UTF-8" standalone="no"?>
<!DOCTYPE log SYSTEM "logger.dtd">
<log>
<record>
  <date>2019-04-11T15:16:42.609-0300</date>
  <logger>ITALO MODESTO PEREIRA</logger>
  <level>FINE</level>
  <message>File 116211154-ITALO MODESTO PEREIRA.zip was received. It was sent by ITALO MODESTO PEREIRA from IP 150.165.42.143</message>
</record>
</log>
<?xml version="1.0" encoding="UTF-8" standalone="no"?>
<!DOCTYPE log SYSTEM "logger.dtd">
<log>
<record>
  <date>2019-04-11T15:19:57.912-0300</date>
  <logger>ITALO MODESTO PEREIRA</logger>
  <level>FINE</level>
  <message>File 116211154-ITALO MODESTO PEREIRA.zip was received. It was sent by ITALO MODESTO PEREIRA from IP 150.165.42.143</message>
</record>
</log>
<?xml version="1.0" encoding="UTF-8" standalone="no"?>
<!DOCTYPE log SYSTEM "logger.dtd">
<log>
<record>
  <date>2019-04-11T15:33:00.909-0300</date>
  <logger>ITALO MODESTO PEREIRA</logger>
  <level>FINE</level>
  <message>File 116211154-ITALO MODESTO PEREIRA.zip was received. It was sent by ITALO MODESTO PEREIRA from IP 150.165.42.143</message>
</record>
